Ideas ::
  - 3D array for map coordinates (x, y) and interactions (z)
  - prompt() function that prompts user, typically with a question, but accepts more variable inputs
  - config.ini file for settings
  - save.dat file for save files
  - Interchangeable tilesets files
  - New .cmap format ::
    :: Multiple language support embedded into cmaps ::
      :: Planned Supported Languages ::
        - English
        - Spanish
        - German

    :: Theoretical Structure (map.cmap) (with comments! (not going to be in actual file)) ::
      [MAP]
      11111111... 120202... ...
      [START]
      11,1
      [SPECIAL]
      // [x,y:OPTIONAL_DIALOGUE_ID] (presumes next integer for ID)
      1,1;1,4;2,1;4,1;6,1;...6,6;
      [ITEMS]
      :KEY // [OPTIONAL_INDEX:ITEM_ID] (presumes next integer for index)
      ...
      [ENGLISH] // My best language
      // [OPTIONAL_DIALOGUE_ID: [DIALOGUE || ACTIONS] ... ] (pressumes next integer for ID)
      :This is Chair 1. It hates Chair 4.
      :This is Chair 4. Exiled and despised for its crimes.
      :This is Chair 2. It's Chair 1's best friend. It also -- hates Chair 4.
      :This is Chair 3. It wants to be friends with Chair -- 1 and 1.
      :I don't even know who this is.
      ...
      :There's a key underneath. You pick it up. -- [Found the KEY]|ADD_ITEM(1)
      [SPANISH] // My first, but weaker, language
      :Esta es Silla 1. Odia a Silla 4.
      :Esta es Silla 4. Exiliada y despreciada por sus crímenes.
      :Esta es Silla 2. Es el mejor amigo de Silla 1. También -- odia a Silla 4.
      :Esta es Silla 3. Quiere ser amigo de Silla -- 1 y 1.
      :No sé ni quién es.
      ...
      :Hay una llave debajo. La recoges. -- [Encontré la LLAVE]|ADD_ITEM(1)
      [GERMAN] // My latest and weakest language
      :Das ist Stuhl 1. Es hasst Stuhl 4.
      :Das ist Stuhl 4. Verbannt und verachtet für seine Verbrechen.
      :Das ist Stuhl 2. Es ist Stuhl 1 bester Freund. Es -- hasst auch Stuhl 4.
      :Das ist Stuhl 3. Es will mit Stuhl -- 1 und 1 befreundet sein.
      :Ich weiß nicht einmal, wer das ist.
      ...
      :Es gibt einen Schlüssel darunter. Du nimmst ihn auf. -- [Fand den SCHLÜSSEL]|ADD_ITEM(1)
      [EOF]